<?xml version="1.0" encoding="UTF-8"?>
<!-- Generated by org.testng.reporters.JUnitReportReporter -->
<testsuite hostname="DESKTOP-23CJB2H" failures="0" tests="1" name="com.crm.autodesk.OrganizationTest.TC_02_CreateOrganizationTest" time="21.107" errors="0" timestamp="2021-09-16T23:50:07 PDT" skipped="0">
  <testcase classname="com.crm.autodesk.OrganizationTest.TC_02_CreateOrganizationTest" name="createOrganizationTest" time="21.107"/>
  <system-out/>
</testsuite> <!-- com.crm.autodesk.OrganizationTest.TC_02_CreateOrganizationTest -->
