<?xml version="1.0" encoding="UTF-8"?>
<!-- Generated by org.testng.reporters.JUnitReportReporter -->
<testsuite skipped="0" hostname="DESKTOP-23CJB2H" name="com.crm.autodesk.OrganizationTest.TC_02_CreateOrganizationTest" tests="1" failures="0" timestamp="2021-09-22T07:40:59 PDT" time="27.228" errors="0">
  <testcase name="createOrganizationTest" time="27.228" classname="com.crm.autodesk.OrganizationTest.TC_02_CreateOrganizationTest"/>
  <system-out/>
</testsuite> <!-- com.crm.autodesk.OrganizationTest.TC_02_CreateOrganizationTest -->
