<?xml version="1.0" encoding="UTF-8"?>
<!-- Generated by org.testng.reporters.JUnitReportReporter -->
<testsuite hostname="DESKTOP-23CJB2H" failures="0" tests="1" name="com.crm.Leads.CreateTest.TC_06_CreaateLeadsTest" time="15.963" errors="0" timestamp="2021-09-15T02:44:38 GMT-07:00" skipped="0">
  <testcase classname="com.crm.Leads.CreateTest.TC_06_CreaateLeadsTest" name="CreateLeads" time="15.963"/>
  <system-out/>
</testsuite> <!-- com.crm.Leads.CreateTest.TC_06_CreaateLeadsTest -->
