<?xml version="1.0" encoding="UTF-8"?>
<!-- Generated by org.testng.reporters.JUnitReportReporter -->
<testsuite hostname="DESKTOP-23CJB2H" failures="0" tests="1" name="practice.Account_checkTest" time="0.459" errors="0" timestamp="2021-09-06T11:10:57 GMT-07:00" skipped="0">
  <testcase classname="practice.Account_checkTest" name="acountType" time="0.459"/>
  <system-out/>
</testsuite> <!-- practice.Account_checkTest -->
