<?xml version="1.0" encoding="UTF-8"?>
<!-- Generated by org.testng.reporters.JUnitReportReporter -->
<testsuite hostname="DESKTOP-23CJB2H" failures="0" tests="1" name="com.crm.autodesk.genericLibraries.TC_03_CreateProductTest" time="59.411" errors="0" timestamp="2021-09-12T00:26:47 GMT-07:00" skipped="0">
  <testcase classname="com.crm.autodesk.genericLibraries.TC_03_CreateProductTest" name="createProduct" time="59.411"/>
  <system-out/>
</testsuite> <!-- com.crm.autodesk.genericLibraries.TC_03_CreateProductTest -->
