<?xml version="1.0" encoding="UTF-8"?>
<!-- Generated by org.testng.reporters.JUnitReportReporter -->
<testsuite hostname="DESKTOP-23CJB2H" failures="0" tests="1" name="practice.Readdatafrom_Xml" time="0.016" errors="0" timestamp="2021-09-07T02:26:45 GMT-07:00" skipped="0">
  <testcase classname="practice.Readdatafrom_Xml" name="Readdata" time="0.016"/>
  <system-out/>
</testsuite> <!-- practice.Readdatafrom_Xml -->
