<?xml version="1.0" encoding="UTF-8"?>
<!-- Generated by org.testng.reporters.JUnitReportReporter -->
<testsuite hostname="DESKTOP-23CJB2H" failures="0" tests="1" name="practice.Dyanmic_Webelement" time="15.843" errors="0" timestamp="2021-09-07T10:38:22 GMT-07:00" skipped="0">
  <testcase classname="practice.Dyanmic_Webelement" name="handleelemnt" time="15.843"/>
  <system-out/>
</testsuite> <!-- practice.Dyanmic_Webelement -->
