<?xml version="1.0" encoding="UTF-8"?>
<!-- Generated by org.testng.reporters.JUnitReportReporter -->
<testsuite hostname="DESKTOP-23CJB2H" failures="0" tests="1" name="com.crm.Leads.CreateTest.TC_09_CreaateLeadsRatingTest" time="19.298" errors="0" timestamp="2021-09-15T10:31:33 GMT-07:00" skipped="0">
  <testcase classname="com.crm.Leads.CreateTest.TC_09_CreaateLeadsRatingTest" name="CreateLeads" time="19.298"/>
  <system-out/>
</testsuite> <!-- com.crm.Leads.CreateTest.TC_09_CreaateLeadsRatingTest -->
