<?xml version="1.0" encoding="UTF-8"?>
<!-- Generated by org.testng.reporters.JUnitReportReporter -->
<testsuite hostname="DESKTOP-23CJB2H" failures="0" tests="1" name="com.crm.autodesk.genericLibraries.TC_01_CreateContactWithOrganizationTest" time="123.312" errors="0" timestamp="2021-09-12T00:26:49 GMT-07:00" skipped="0">
  <testcase classname="com.crm.autodesk.genericLibraries.TC_01_CreateContactWithOrganizationTest" name="createContactWithOrganization" time="123.312"/>
  <system-out/>
</testsuite> <!-- com.crm.autodesk.genericLibraries.TC_01_CreateContactWithOrganizationTest -->
