<?xml version="1.0" encoding="UTF-8"?>
<!-- Generated by org.testng.reporters.JUnitReportReporter -->
<testsuite hostname="DESKTOP-23CJB2H" failures="0" tests="1" name="com.crm.Leads.CreateTest.TC_08_CreaateLeadsStatusTest" time="18.097" errors="0" timestamp="2021-09-15T10:35:34 GMT-07:00" skipped="0">
  <testcase classname="com.crm.Leads.CreateTest.TC_08_CreaateLeadsStatusTest" name="CreateLeads" time="18.097"/>
  <system-out/>
</testsuite> <!-- com.crm.Leads.CreateTest.TC_08_CreaateLeadsStatusTest -->
