<?xml version="1.0" encoding="UTF-8"?>
<!-- Generated by org.testng.reporters.JUnitReportReporter -->
<testsuite hostname="DESKTOP-23CJB2H" failures="0" tests="1" name="com.crm.Leads.CreateTest.TC_07_CreaateLeadsTest" time="15.529" errors="0" timestamp="2021-09-15T03:03:14 GMT-07:00" skipped="0">
  <testcase classname="com.crm.Leads.CreateTest.TC_07_CreaateLeadsTest" name="CreateLeads" time="15.529"/>
  <system-out/>
</testsuite> <!-- com.crm.Leads.CreateTest.TC_07_CreaateLeadsTest -->
